{
  "Cucumber Features": {
    "coverage": {
      "/home/ubuntu/workspace/gamerverse/app/models/event.rb": [
        1,
        1,
        1,
        1,
        1,
        null,
        1,
        1,
        null
      ],
      "/home/ubuntu/workspace/gamerverse/app/models/application_record.rb": [
        1,
        1,
        null
      ],
      "/home/ubuntu/workspace/gamerverse/app/models/user.rb": [
        null,
        1,
        1,
        null,
        1,
        1,
        1,
        null,
        1,
        1,
        1,
        1,
        null,
        null,
        1,
        null,
        null,
        null,
        null,
        null,
        1,
        1,
        null,
        1,
        1,
        null
      ],
      "/home/ubuntu/workspace/gamerverse/app/models/favorite_event.rb": [
        1,
        1,
        1,
        null
      ],
      "/home/ubuntu/workspace/gamerverse/app/controllers/login_controller.rb": [
        1,
        1,
        null,
        1,
        0,
        null,
        null,
        1,
        null,
        1,
        40,
        0,
        null,
        null,
        null,
        null,
        1,
        31,
        null,
        null,
        31,
        null,
        null,
        null,
        30,
        30,
        null,
        1,
        null,
        1,
        null,
        null,
        null,
        null,
        1,
        2,
        2,
        null,
        null,
        null,
        null
      ],
      "/home/ubuntu/workspace/gamerverse/app/controllers/application_controller.rb": [
        1,
        null,
        null,
        1,
        null,
        1,
        0,
        null,
        null,
        1,
        420,
        null,
        null,
        1,
        1,
        null,
        null
      ],
      "/home/ubuntu/workspace/gamerverse/app/helpers/application_helper.rb": [
        1,
        null
      ],
      "/home/ubuntu/workspace/gamerverse/app/helpers/events_helper.rb": [
        1,
        null
      ],
      "/home/ubuntu/workspace/gamerverse/app/helpers/games_helper.rb": [
        1,
        null
      ],
      "/home/ubuntu/workspace/gamerverse/app/helpers/homepage_helper.rb": [
        1,
        null
      ],
      "/home/ubuntu/workspace/gamerverse/app/helpers/login_helper.rb": [
        1,
        null
      ],
      "/home/ubuntu/workspace/gamerverse/app/helpers/profile_helper.rb": [
        1,
        null
      ],
      "/home/ubuntu/workspace/gamerverse/app/helpers/users_helper.rb": [
        1,
        null
      ],
      "/home/ubuntu/workspace/gamerverse/app/controllers/homepage_controller.rb": [
        1,
        1,
        null,
        86,
        86,
        null,
        86,
        86,
        86,
        86,
        null,
        null,
        86,
        70,
        78,
        70,
        78,
        null,
        null,
        null
      ],
      "/home/ubuntu/workspace/gamerverse/app/models/game.rb": [
        1,
        1,
        1,
        null,
        null
      ],
      "/home/ubuntu/workspace/gamerverse/app/models/favorite_game.rb": [
        1,
        1,
        1,
        null
      ],
      "/home/ubuntu/workspace/gamerverse/app/controllers/events_controller.rb": [
        1,
        1,
        null,
        1,
        8,
        null,
        null,
        1,
        null,
        null,
        1,
        null,
        14,
        null,
        14,
        14,
        14,
        5,
        5,
        null,
        null,
        null,
        null,
        1,
        8,
        0,
        null,
        null,
        null,
        1,
        2,
        2,
        2,
        null,
        2,
        1,
        1,
        1,
        1,
        null,
        1,
        1,
        1,
        1,
        null,
        null,
        1,
        1,
        null,
        1,
        null,
        null,
        0,
        null,
        null,
        null,
        null,
        1,
        4,
        null,
        4,
        null,
        4,
        null,
        4,
        4,
        null,
        null,
        null,
        null,
        4,
        1,
        null,
        null,
        3,
        3,
        null,
        3,
        null,
        null,
        null,
        0,
        null,
        null,
        null
      ],
      "/home/ubuntu/workspace/gamerverse/app/controllers/profile_controller.rb": [
        1,
        null,
        1,
        17,
        null,
        19,
        19,
        null,
        19,
        19,
        null,
        17,
        null,
        0,
        null,
        null,
        null,
        null,
        1,
        13,
        13,
        null,
        0,
        null,
        null,
        null,
        null,
        1,
        8,
        8,
        null,
        8,
        null,
        null,
        null,
        null,
        null,
        8,
        4,
        4,
        null,
        4,
        null,
        null,
        4,
        null,
        0,
        null,
        null,
        null
      ],
      "/home/ubuntu/workspace/gamerverse/app/controllers/games_controller.rb": [
        1,
        1,
        null,
        12,
        12,
        12,
        28,
        22,
        null,
        6,
        null,
        null,
        null,
        12,
        null,
        null,
        12,
        12,
        12,
        2,
        2,
        null,
        null,
        null,
        null,
        1,
        2,
        2,
        2,
        null,
        2,
        1,
        1,
        1,
        1,
        null,
        1,
        1,
        1,
        1,
        null,
        null,
        1,
        1,
        null,
        1,
        null,
        null,
        0,
        null,
        null,
        null
      ],
      "/home/ubuntu/workspace/gamerverse/app/controllers/register_controller.rb": [
        1,
        1,
        1,
        8,
        null,
        null,
        1,
        1,
        null,
        17,
        0,
        null,
        null,
        null,
        null,
        1,
        8,
        null,
        null,
        null,
        null,
        null,
        8,
        1,
        null,
        null,
        1,
        null,
        null,
        7,
        7,
        null,
        7,
        null,
        null,
        null,
        null
      ]
    },
    "timestamp": 1526066370
  },
  "RSpec": {
    "coverage": {
      "/home/ubuntu/workspace/gamerverse/app/helpers/application_helper.rb": [
        1,
        null
      ],
      "/home/ubuntu/workspace/gamerverse/app/helpers/events_helper.rb": [
        1,
        null
      ],
      "/home/ubuntu/workspace/gamerverse/app/helpers/games_helper.rb": [
        1,
        null
      ],
      "/home/ubuntu/workspace/gamerverse/app/helpers/homepage_helper.rb": [
        1,
        null
      ],
      "/home/ubuntu/workspace/gamerverse/app/helpers/login_helper.rb": [
        1,
        null
      ],
      "/home/ubuntu/workspace/gamerverse/app/helpers/profile_helper.rb": [
        1,
        null
      ],
      "/home/ubuntu/workspace/gamerverse/app/helpers/users_helper.rb": [
        1,
        null
      ],
      "/home/ubuntu/workspace/gamerverse/app/controllers/events_controller.rb": [
        1,
        1,
        null,
        1,
        0,
        null,
        null,
        1,
        null,
        null,
        1,
        null,
        1,
        null,
        1,
        1,
        1,
        0,
        0,
        null,
        null,
        null,
        null,
        1,
        1,
        1,
        null,
        null,
        null,
        1,
        3,
        3,
        3,
        null,
        3,
        1,
        1,
        1,
        1,
        null,
        2,
        1,
        1,
        1,
        null,
        null,
        1,
        1,
        null,
        1,
        null,
        null,
        1,
        null,
        null,
        null,
        null,
        1,
        3,
        null,
        null,
        2,
        null,
        null,
        null,
        null,
        null,
        2,
        null,
        2,
        null,
        null,
        null,
        null,
        2,
        1,
        null,
        null,
        1,
        1,
        null,
        1,
        null,
        null,
        null,
        1,
        null,
        null,
        null
      ],
      "/home/ubuntu/workspace/gamerverse/app/controllers/application_controller.rb": [
        1,
        null,
        null,
        1,
        null,
        1,
        0,
        null,
        null,
        1,
        4,
        null,
        null,
        1,
        1,
        null,
        null
      ],
      "/home/ubuntu/workspace/gamerverse/app/controllers/games_controller.rb": [
        1,
        1,
        null,
        1,
        1,
        1,
        0,
        0,
        null,
        0,
        null,
        null,
        null,
        1,
        null,
        null,
        1,
        1,
        1,
        0,
        0,
        null,
        null,
        null,
        null,
        1,
        3,
        3,
        3,
        null,
        3,
        1,
        1,
        1,
        1,
        null,
        2,
        1,
        1,
        0,
        null,
        null,
        1,
        1,
        null,
        1,
        null,
        null,
        1,
        null,
        null,
        null
      ],
      "/home/ubuntu/workspace/gamerverse/app/controllers/homepage_controller.rb": [
        1,
        1,
        null,
        2,
        2,
        null,
        2,
        2,
        2,
        2,
        null,
        null,
        2,
        1,
        1,
        1,
        1,
        null,
        null,
        null
      ],
      "/home/ubuntu/workspace/gamerverse/app/controllers/login_controller.rb": [
        1,
        1,
        null,
        1,
        0,
        null,
        null,
        1,
        null,
        1,
        2,
        1,
        null,
        null,
        null,
        null,
        1,
        2,
        null,
        null,
        2,
        null,
        null,
        null,
        1,
        1,
        null,
        1,
        null,
        1,
        null,
        null,
        null,
        null,
        1,
        2,
        2,
        null,
        null,
        null,
        null
      ],
      "/home/ubuntu/workspace/gamerverse/app/controllers/profile_controller.rb": [
        1,
        null,
        1,
        2,
        null,
        1,
        1,
        null,
        1,
        1,
        null,
        1,
        null,
        1,
        null,
        null,
        null,
        null,
        1,
        2,
        1,
        null,
        1,
        null,
        null,
        null,
        null,
        1,
        2,
        1,
        null,
        1,
        null,
        null,
        null,
        null,
        null,
        1,
        0,
        0,
        null,
        1,
        null,
        null,
        1,
        null,
        1,
        null,
        null,
        null
      ],
      "/home/ubuntu/workspace/gamerverse/app/controllers/register_controller.rb": [
        1,
        1,
        1,
        14,
        null,
        null,
        1,
        1,
        null,
        2,
        1,
        null,
        null,
        null,
        null,
        1,
        14,
        null,
        null,
        null,
        null,
        null,
        14,
        3,
        null,
        null,
        3,
        null,
        null,
        11,
        11,
        null,
        11,
        null,
        null,
        null,
        null
      ],
      "/home/ubuntu/workspace/gamerverse/app/models/event.rb": [
        1,
        1,
        1,
        1,
        1,
        null,
        1,
        1,
        null
      ],
      "/home/ubuntu/workspace/gamerverse/app/models/application_record.rb": [
        1,
        1,
        null
      ],
      "/home/ubuntu/workspace/gamerverse/app/models/favorite_event.rb": [
        1,
        1,
        1,
        null
      ],
      "/home/ubuntu/workspace/gamerverse/app/models/favorite_game.rb": [
        1,
        1,
        1,
        null
      ],
      "/home/ubuntu/workspace/gamerverse/app/models/game.rb": [
        1,
        1,
        1,
        null,
        null
      ],
      "/home/ubuntu/workspace/gamerverse/app/models/user.rb": [
        null,
        1,
        1,
        null,
        1,
        1,
        1,
        null,
        1,
        1,
        1,
        1,
        null,
        null,
        1,
        null,
        null,
        null,
        null,
        null,
        1,
        1,
        null,
        1,
        1,
        null
      ]
    },
    "timestamp": 1526082386
  }
}
